<?xml version="1.0" encoding="UTF-8"?>
<!-- Generated by org.testng.reporters.JUnitReportReporter -->
<testsuite skipped="0" hostname="DESKTOP-5MEL10A" name="com.actitime.test.CreateCustomer" tests="1" failures="0" timestamp="29 Apr 2020 14:03:25 GMT" time="38.552" errors="0">
  <testcase name="testCreateCustomer" time="38.552" classname="com.actitime.test.CreateCustomer"/>
</testsuite> <!-- com.actitime.test.CreateCustomer -->
